<?xml version="1.0" encoding="UTF-8"?>
<testsuite name="ComputadoraFactoryTest" tests="1" skipped="0" failures="0" errors="0" timestamp="2022-10-24T16:46:23" hostname="MacBook-Pro-de-Santiago.local" time="0.017">
  <properties/>
  <testcase name="test1()" classname="ComputadoraFactoryTest" time="0.017"/>
  <system-out><![CDATA[]]></system-out>
  <system-err><![CDATA[]]></system-err>
</testsuite>
