<?xml version="1.0" encoding="UTF-8"?>
<testsuite name="MenuClasicoTest" tests="1" skipped="0" failures="0" errors="0" timestamp="2022-10-18T18:40:17" hostname="MacBook-Pro-de-Santiago.local" time="0.033">
  <properties/>
  <testcase name="calcularPrecio()" classname="MenuClasicoTest" time="0.033"/>
  <system-out><![CDATA[]]></system-out>
  <system-err><![CDATA[]]></system-err>
</testsuite>
