<?xml version="1.0" encoding="UTF-8"?>
<testsuite name="MenuVegetarianoTest" tests="1" skipped="0" failures="0" errors="0" timestamp="2022-10-18T18:40:18" hostname="MacBook-Pro-de-Santiago.local" time="0.001">
  <properties/>
  <testcase name="calcularPrecio()" classname="MenuVegetarianoTest" time="0.001"/>
  <system-out><![CDATA[]]></system-out>
  <system-err><![CDATA[]]></system-err>
</testsuite>
