<?xml version="1.0" encoding="UTF-8"?>
<testsuite name="GrillaDeSeriesTest" tests="2" skipped="0" failures="0" errors="0" timestamp="2022-10-21T20:21:31" hostname="MacBook-Pro-de-Santiago.local" time="0.006">
  <properties/>
  <testcase name="WHEN getSeries es llamado THEN GrillaDeSeries devuelve la pagina de la misma" classname="GrillaDeSeriesTest" time="0.005"/>
  <testcase name="WHEN getSeries es llamado mas de 5 veces THEN GrillaDeSeries devuelve un mensaje de error" classname="GrillaDeSeriesTest" time="0.0"/>
  <system-out><![CDATA[]]></system-out>
  <system-err><![CDATA[]]></system-err>
</testsuite>
