<?xml version="1.0" encoding="UTF-8"?>
<testsuite name="MenuInfantilTest" tests="2" skipped="0" failures="0" errors="0" timestamp="2022-10-19T18:08:25" hostname="MacBook-Pro-de-Santiago.local" time="0.002">
  <properties/>
  <testcase name="calcularCosto()" classname="MenuInfantilTest" time="0.001"/>
  <testcase name="mostrarInstrucciones()" classname="MenuInfantilTest" time="0.001"/>
  <system-out><![CDATA[]]></system-out>
  <system-err><![CDATA[]]></system-err>
</testsuite>
