<?xml version="1.0" encoding="UTF-8"?>
<testsuite name="ArbolTest" tests="1" skipped="0" failures="0" errors="0" timestamp="2022-10-24T18:43:32" hostname="MacBook-Pro-de-Santiago.local" time="0.0">
  <properties/>
  <testcase name="WHEN a new Arbol is created THEN it should have the right parameters" classname="ArbolTest" time="0.0"/>
  <system-out><![CDATA[]]></system-out>
  <system-err><![CDATA[]]></system-err>
</testsuite>
