<?xml version="1.0" encoding="UTF-8"?>
<testsuite name="PersonaTest" tests="1" skipped="0" failures="0" errors="0" timestamp="2022-10-21T17:19:03" hostname="MacBook-Pro-de-Santiago.local" time="0.001">
  <properties/>
  <testcase name="WHEN a new persona object is created THEN it should have the right parameters" classname="PersonaTest" time="0.001"/>
  <system-out><![CDATA[]]></system-out>
  <system-err><![CDATA[]]></system-err>
</testsuite>
